<?xml version="1.0" encoding="UTF-8"?>
<robot generator="Robot 4.1.2 (Python 3.7.2 on darwin)" generated="20230118 16:32:20.863" rpa="false" schemaversion="2">
<suite id="s1" name="Ios" source="/Users/qlieer/Desktop/automation/automation/ios">
<suite id="s1-s1" name="Integration" source="/Users/qlieer/Desktop/automation/automation/ios/integration">
<suite id="s1-s1-s1" name="Checkout" source="/Users/qlieer/Desktop/automation/automation/ios/integration/Checkout.robot">
<kw name="SuiteSetup" type="SETUP">
<kw name="Open Default Application" library="keywords_common">
<kw name="Run Keyword If" library="BuiltIn">
<arg>'${REMOTE}'=='${NONE}'</arg>
<arg>Open Local Application</arg>
<arg>ELSE</arg>
<arg>Open Remote Application</arg>
<doc>Runs the given keyword with the given arguments, if ``condition`` is true.</doc>
<kw name="Open Local Application" library="keywords_common">
<kw name="Open Application" library="AppiumLibrary">
<arg>http://localhost:4723/wd/hub</arg>
<arg>automationName=${automationName}</arg>
<arg>platformName=${platformName}</arg>
<arg>bundleId=com.qlieer.aphrodite.pos.stage</arg>
<arg>xcodeOrgId=QRP2NT8BR4</arg>
<arg>xcodeSigningId=Apple Developement</arg>
<arg>udid=6c67ec2bae7e1612598107197e721b5bca87243f</arg>
<arg>deviceName=iPad</arg>
<arg>platformVersion=14.8</arg>
<arg>newCommandTimeout=0</arg>
<doc>Opens a new application to given Appium server.
Capabilities of appium server, Android and iOS,
Please check https://github.com/appium/appium/blob/master/docs/en/writing-running-appium/server-args.md
| *Option*            | *Man.* | *Description*     |
| remote_url          | Yes    | Appium server url |
| alias               | no     | alias             |</doc>
<status status="PASS" starttime="20230118 16:32:21.186" endtime="20230118 16:32:23.687"/>
</kw>
<status status="PASS" starttime="20230118 16:32:21.186" endtime="20230118 16:32:23.687"/>
</kw>
<status status="PASS" starttime="20230118 16:32:21.185" endtime="20230118 16:32:23.687"/>
</kw>
<status status="PASS" starttime="20230118 16:32:21.185" endtime="20230118 16:32:23.687"/>
</kw>
<status status="PASS" starttime="20230118 16:32:21.185" endtime="20230118 16:32:23.688"/>
</kw>
<test id="s1-s1-s1-t1" name="Checkout With Discount Should Success">
<kw name="Click Canlender Block Button" library="keywords_common">
<arg>0</arg>
<doc>Click Canlender Block Button</doc>
<kw name="Sleep" library="BuiltIn">
<arg>5s</arg>
<doc>Pauses the test executed for the given time.</doc>
<msg timestamp="20230118 16:32:28.691" level="INFO">Slept 5 seconds</msg>
<status status="PASS" starttime="20230118 16:32:23.690" endtime="20230118 16:32:28.691"/>
</kw>
<kw name="Click Element" library="AppiumLibrary">
<arg>//XCUIElementTypeCell[@name="ScheduleEventCell_${index}"]</arg>
<doc>Click element identified by `locator`.</doc>
<msg timestamp="20230118 16:32:28.699" level="INFO">Clicking element '//XCUIElementTypeCell[@name="ScheduleEventCell_0"]'.</msg>
<status status="PASS" starttime="20230118 16:32:28.692" endtime="20230118 16:32:34.588"/>
</kw>
<status status="PASS" starttime="20230118 16:32:23.689" endtime="20230118 16:32:34.589"/>
</kw>
<kw name="Click Direct Checkout in Appointment View Page" library="keywords_checkout">
<doc>Click Direct Checkout in Appointment View Page</doc>
<kw name="Wait Until Element Is Visible" library="AppiumLibrary">
<arg>//XCUIElementTypeButton[@name="AppointmentPreview_directCheckout"]</arg>
<doc>Waits until element specified with `locator` is visible.</doc>
<status status="PASS" starttime="20230118 16:32:34.589" endtime="20230118 16:32:41.915"/>
</kw>
<kw name="Click Element" library="AppiumLibrary">
<arg>//XCUIElementTypeButton[@name="AppointmentPreview_directCheckout"]</arg>
<doc>Click element identified by `locator`.</doc>
<msg timestamp="20230118 16:32:41.917" level="INFO">Clicking element '//XCUIElementTypeButton[@name="AppointmentPreview_directCheckout"]'.</msg>
<status status="PASS" starttime="20230118 16:32:41.915" endtime="20230118 16:32:49.662"/>
</kw>
<status status="PASS" starttime="20230118 16:32:34.589" endtime="20230118 16:32:49.663"/>
</kw>
<kw name="Click Choose Discount In Checkout Page" library="keywords_checkout">
<doc>Click Choose Discount In Checkout Page</doc>
<kw name="Wait Until Element Is Visible" library="AppiumLibrary">
<arg>//XCUIElementTypeButton[@name="AddOtherCell_detailBtn_discount"]</arg>
<doc>Waits until element specified with `locator` is visible.</doc>
<status status="PASS" starttime="20230118 16:32:49.664" endtime="20230118 16:32:56.461"/>
</kw>
<kw name="Click Element" library="AppiumLibrary">
<arg>//XCUIElementTypeButton[@name="AddOtherCell_detailBtn_discount"]</arg>
<doc>Click element identified by `locator`.</doc>
<msg timestamp="20230118 16:32:56.463" level="INFO">Clicking element '//XCUIElementTypeButton[@name="AddOtherCell_detailBtn_discount"]'.</msg>
<status status="PASS" starttime="20230118 16:32:56.461" endtime="20230118 16:33:05.275"/>
</kw>
<status status="PASS" starttime="20230118 16:32:49.663" endtime="20230118 16:33:05.275"/>
</kw>
<kw name="Select Discount In Choose Discount Page" library="keywords_checkout">
<doc>Choose Discount In Full Item Discount Page</doc>
<kw name="Wait Until Element Is Visible" library="AppiumLibrary">
<arg>//XCUIElementTypeCell[@name="SelectionDiscountsViewController_discountCell_0"]</arg>
<doc>Waits until element specified with `locator` is visible.</doc>
<status status="PASS" starttime="20230118 16:33:05.276" endtime="20230118 16:33:12.844"/>
</kw>
<kw name="Click Element" library="AppiumLibrary">
<arg>//XCUIElementTypeCell[@name="SelectionDiscountsViewController_discountCell_0"]</arg>
<doc>Click element identified by `locator`.</doc>
<msg timestamp="20230118 16:33:12.847" level="INFO">Clicking element '//XCUIElementTypeCell[@name="SelectionDiscountsViewController_discountCell_0"]'.</msg>
<status status="PASS" starttime="20230118 16:33:12.844" endtime="20230118 16:33:22.041"/>
</kw>
<kw name="Wait Until Element Is Visible" library="AppiumLibrary">
<arg>//XCUIElementTypeButton[@name="SelectionDiscountsViewController_confirmBtn"]</arg>
<doc>Waits until element specified with `locator` is visible.</doc>
<status status="PASS" starttime="20230118 16:33:22.041" endtime="20230118 16:33:29.053"/>
</kw>
<kw name="Click Element" library="AppiumLibrary">
<arg>//XCUIElementTypeButton[@name="SelectionDiscountsViewController_confirmBtn"]</arg>
<doc>Click element identified by `locator`.</doc>
<msg timestamp="20230118 16:33:29.055" level="INFO">Clicking element '//XCUIElementTypeButton[@name="SelectionDiscountsViewController_confirmBtn"]'.</msg>
<status status="PASS" starttime="20230118 16:33:29.053" endtime="20230118 16:33:37.655"/>
</kw>
<status status="PASS" starttime="20230118 16:33:05.275" endtime="20230118 16:33:37.655"/>
</kw>
<kw name="Verify Discount Price (50% off)" library="keywords_checkout">
<doc>Verify Checkout Price</doc>
<kw name="Get Text" library="AppiumLibrary">
<var>${text}</var>
<arg>//XCUIElementTypeStaticText[@name="ProductListCell_priceLabel_${index}"]</arg>
<doc>Get element text (for hybrid and mobile browser use `xpath` locator, others might cause problem)</doc>
<kw name="Capture Page Screenshot" library="AppiumLibrary">
<doc>Takes a screenshot of the current page and embeds it into the log.</doc>
<msg timestamp="20230118 16:33:43.276" level="INFO" html="true">&lt;/td&gt;&lt;/tr&gt;&lt;tr&gt;&lt;td colspan="3"&gt;&lt;a href="appium-screenshot-1.png"&gt;&lt;img src="appium-screenshot-1.png" width="800px"&gt;&lt;/a&gt;</msg>
<status status="PASS" starttime="20230118 16:33:42.936" endtime="20230118 16:33:43.276"/>
</kw>
<msg timestamp="20230118 16:33:43.280" level="FAIL">ValueError: Element locator '//XCUIElementTypeStaticText[@name="ProductListCell_priceLabel_1"]' did not match any elements.</msg>
<status status="FAIL" starttime="20230118 16:33:37.656" endtime="20230118 16:33:43.280"/>
</kw>
<kw name="Evaluate" library="BuiltIn">
<var>${total}</var>
<arg>'${text}'.replace('$','').strip()</arg>
<doc>Evaluates the given expression in Python and returns the result.</doc>
<status status="NOT RUN" starttime="20230118 16:33:43.281" endtime="20230118 16:33:43.281"/>
</kw>
<kw name="Set Test Variable" library="BuiltIn">
<arg>${total}</arg>
<doc>Makes a variable available everywhere within the scope of the current test.</doc>
<status status="NOT RUN" starttime="20230118 16:33:43.281" endtime="20230118 16:33:43.281"/>
</kw>
<kw name="Evaluate" library="BuiltIn">
<var>${total}</var>
<arg>int(${total} * 0.5)</arg>
<doc>Evaluates the given expression in Python and returns the result.</doc>
<status status="NOT RUN" starttime="20230118 16:33:43.281" endtime="20230118 16:33:43.281"/>
</kw>
<status status="FAIL" starttime="20230118 16:33:37.656" endtime="20230118 16:33:43.282"/>
</kw>
<kw name="Swipe Checkout Button" library="keywords_checkout">
<doc>Swipe Checkout Button</doc>
<status status="NOT RUN" starttime="20230118 16:33:43.282" endtime="20230118 16:33:43.282"/>
</kw>
<kw name="Verify Checkout Should Success" library="keywords_checkout">
<doc>Verify Checkout Should Success</doc>
<status status="NOT RUN" starttime="20230118 16:33:43.282" endtime="20230118 16:33:43.282"/>
</kw>
<kw name="Close All Applications" library="AppiumLibrary" type="TEARDOWN">
<doc>Closes all open applications.</doc>
<status status="PASS" starttime="20230118 16:33:43.283" endtime="20230118 16:33:44.357"/>
</kw>
<status status="FAIL" starttime="20230118 16:32:23.688" endtime="20230118 16:33:44.358">ValueError: Element locator '//XCUIElementTypeStaticText[@name="ProductListCell_priceLabel_1"]' did not match any elements.</status>
</test>
<kw name="SuiteTeardown" type="TEARDOWN">
<kw name="Close All Applications" library="AppiumLibrary">
<doc>Closes all open applications.</doc>
<status status="PASS" starttime="20230118 16:33:44.359" endtime="20230118 16:33:44.361"/>
</kw>
<status status="PASS" starttime="20230118 16:33:44.358" endtime="20230118 16:33:44.361"/>
</kw>
<doc>test app function</doc>
<status status="FAIL" starttime="20230118 16:32:20.890" endtime="20230118 16:33:44.361"/>
</suite>
<status status="FAIL" starttime="20230118 16:32:20.888" endtime="20230118 16:33:44.363"/>
</suite>
<status status="FAIL" starttime="20230118 16:32:20.864" endtime="20230118 16:33:44.364"/>
</suite>
<statistics>
<total>
<stat pass="0" fail="1" skip="0">All Tests</stat>
</total>
<tag>
</tag>
<suite>
<stat pass="0" fail="1" skip="0" id="s1" name="Ios">Ios</stat>
<stat pass="0" fail="1" skip="0" id="s1-s1" name="Integration">Ios.Integration</stat>
<stat pass="0" fail="1" skip="0" id="s1-s1-s1" name="Checkout">Ios.Integration.Checkout</stat>
</suite>
</statistics>
<errors>
</errors>
</robot>
