<?xml version="1.0" encoding="UTF-8"?>
<robot generator="Robot 4.1.2 (Python 3.7.2 on darwin)" generated="20220516 16:52:31.847" rpa="false" schemaversion="2">
<suite id="s1" name="Web" source="/Users/qlieer/Desktop/qlieer/automation/web">
<suite id="s1-s1" name="Integration" source="/Users/qlieer/Desktop/qlieer/automation/web/integration">
<suite id="s1-s1-s1" name="Login" source="/Users/qlieer/Desktop/qlieer/automation/web/integration/Login.robot">
<kw name="SuiteSetup" type="SETUP">
<kw name="Open Default Browser" library="keywords_common">
<doc>Open Default Browser</doc>
<kw name="Set Variable" library="BuiltIn">
<var>${browserURL}</var>
<arg>${HOST}${browserURL}</arg>
<doc>Returns the given values which can then be assigned to a variables.</doc>
<msg timestamp="20220516 16:52:32.040" level="INFO">${browserURL} = http://hq.qlieer.com:9487</msg>
<status status="PASS" starttime="20220516 16:52:32.040" endtime="20220516 16:52:32.041"/>
</kw>
<kw name="Run Keyword If" library="BuiltIn">
<arg>'${REMOTE}'!='None'</arg>
<arg>Open Remote Browser</arg>
<arg>${browserURL}</arg>
<arg>ELSE IF</arg>
<arg>'${BROWSER_PORT}'!='None'</arg>
<arg>Open Docker Browser</arg>
<arg>${browserURL}</arg>
<arg>ELSE</arg>
<arg>Open Local Browser</arg>
<arg>${browserURL}</arg>
<doc>Runs the given keyword with the given arguments, if ``condition`` is true.</doc>
<kw name="Open Local Browser" library="keywords_common">
<arg>${browserURL}</arg>
<doc>Open Local Browser</doc>
<kw name="Run Keyword If" library="BuiltIn">
<var>${browserOptions}</var>
<arg>'${browserName}'=='chrome'</arg>
<arg>Set Chrome Browser Options</arg>
<arg>\\</arg>
<arg>ELSE IF</arg>
<arg>'${browserName}'=='firefox'</arg>
<arg>Set Firefox Browser Options</arg>
<arg>\\</arg>
<doc>Runs the given keyword with the given arguments, if ``condition`` is true.</doc>
<kw name="Set Chrome Browser Options" library="keywords_common">
<arg>\\</arg>
<kw name="Get Time" library="BuiltIn">
<var>${now}</var>
<arg>epoch</arg>
<doc>Returns the given time in the requested format.</doc>
<msg timestamp="20220516 16:52:32.042" level="INFO">${now} = 1652691152</msg>
<status status="PASS" starttime="20220516 16:52:32.042" endtime="20220516 16:52:32.042"/>
</kw>
<kw name="Set Global Variable" library="BuiltIn">
<arg>${DOWNLOAD_DIR}</arg>
<arg>/Users/qlieer/Desktop/qlieer/automation/web/lib${divider}download${now}</arg>
<doc>Makes a variable available globally in all tests and suites.</doc>
<msg timestamp="20220516 16:52:32.044" level="INFO">${DOWNLOAD_DIR} = /Users/qlieer/Desktop/qlieer/automation/web/lib\download1652691152</msg>
<status status="PASS" starttime="20220516 16:52:32.042" endtime="20220516 16:52:32.044"/>
</kw>
<kw name="Evaluate" library="BuiltIn">
<var>${chromeOptions}</var>
<arg>sys.modules['selenium.webdriver'].ChromeOptions()</arg>
<arg>sys, selenium.webdriver</arg>
<doc>Evaluates the given expression in Python and returns the result.</doc>
<msg timestamp="20220516 16:52:32.044" level="INFO">${chromeOptions} = &lt;selenium.webdriver.chrome.options.Options object at 0x7fb92ed10898&gt;</msg>
<status status="PASS" starttime="20220516 16:52:32.044" endtime="20220516 16:52:32.044"/>
</kw>
<kw name="Create Dictionary" library="BuiltIn">
<var>${prefs}</var>
<arg>download.default_directory=/Users/qlieer/Desktop/qlieer/automation/web/lib${divider}download${now}</arg>
<doc>Creates and returns a dictionary based on the given ``items``.</doc>
<msg timestamp="20220516 16:52:32.045" level="INFO">${prefs} = {'download.default_directory': '/Users/qlieer/Desktop/qlieer/automation/web/lib\\download1652691152'}</msg>
<status status="PASS" starttime="20220516 16:52:32.045" endtime="20220516 16:52:32.045"/>
</kw>
<kw name="Call Method" library="BuiltIn">
<arg>${chromeOptions}</arg>
<arg>add_experimental_option</arg>
<arg>prefs</arg>
<arg>${prefs}</arg>
<doc>Calls the named method of the given object with the provided arguments.</doc>
<status status="PASS" starttime="20220516 16:52:32.045" endtime="20220516 16:52:32.045"/>
</kw>
<kw name="Call Method" library="BuiltIn">
<arg>${chromeOptions}</arg>
<arg>add_argument</arg>
<arg>--incognito</arg>
<doc>Calls the named method of the given object with the provided arguments.</doc>
<status status="PASS" starttime="20220516 16:52:32.046" endtime="20220516 16:52:32.046"/>
</kw>
<status status="PASS" starttime="20220516 16:52:32.042" endtime="20220516 16:52:32.046"/>
</kw>
<msg timestamp="20220516 16:52:32.046" level="INFO">${browserOptions} = &lt;selenium.webdriver.chrome.options.Options object at 0x7fb92ed10898&gt;</msg>
<status status="PASS" starttime="20220516 16:52:32.042" endtime="20220516 16:52:32.046"/>
</kw>
<kw name="Open Browser" library="SeleniumLibrary">
<arg>${url}</arg>
<arg>${browserName}</arg>
<arg>options=${browserOptions}</arg>
<doc>Opens a new browser instance to the optional ``url``.</doc>
<msg timestamp="20220516 16:52:32.047" level="INFO">Opening browser 'chrome' to base url 'http://hq.qlieer.com:9487'.</msg>
<status status="PASS" starttime="20220516 16:52:32.046" endtime="20220516 16:52:37.804"/>
</kw>
<status status="PASS" starttime="20220516 16:52:32.041" endtime="20220516 16:52:37.805"/>
</kw>
<status status="PASS" starttime="20220516 16:52:32.041" endtime="20220516 16:52:37.805"/>
</kw>
<kw name="Maximize Browser Window" library="SeleniumLibrary">
<doc>Maximizes current browser window.</doc>
<status status="PASS" starttime="20220516 16:52:37.805" endtime="20220516 16:52:37.939"/>
</kw>
<kw name="Set Selenium Speed" library="SeleniumLibrary">
<arg>0.1s</arg>
<doc>Sets the delay that is waited after each Selenium command.</doc>
<status status="PASS" starttime="20220516 16:52:37.940" endtime="20220516 16:52:37.940"/>
</kw>
<status status="PASS" starttime="20220516 16:52:32.039" endtime="20220516 16:52:37.940"/>
</kw>
<status status="PASS" starttime="20220516 16:52:32.039" endtime="20220516 16:52:37.940"/>
</kw>
<test id="s1-s1-s1-t1" name="Login Should Success">
<kw name="Input Store Code" library="keywords_common">
<arg>${AUTOTEST_SRORE_CODE}</arg>
<doc>Input Store Code</doc>
<kw name="Wait Until Element Is Enabled" library="SeleniumLibrary">
<arg>//*[@id="__BVID__6"]</arg>
<doc>Waits until the element ``locator`` is enabled.</doc>
<status status="PASS" starttime="20220516 16:52:37.942" endtime="20220516 16:52:38.291"/>
</kw>
<kw name="Input Text" library="SeleniumLibrary">
<arg>//*[@id="__BVID__6"]</arg>
<arg>${text}</arg>
<doc>Types the given ``text`` into the text field identified by ``locator``.</doc>
<msg timestamp="20220516 16:52:38.292" level="INFO">Typing text 'umai03' into text field '//*[@id="__BVID__6"]'.</msg>
<status status="PASS" starttime="20220516 16:52:38.291" endtime="20220516 16:52:38.787"/>
</kw>
<status status="PASS" starttime="20220516 16:52:37.942" endtime="20220516 16:52:38.788"/>
</kw>
<kw name="Input Login Account" library="keywords_common">
<arg>${AUTOTEST_USER}</arg>
<doc>Input Login Code</doc>
<kw name="Wait Until Element Is Enabled" library="SeleniumLibrary">
<arg>//*[@id="__BVID__6"]</arg>
<doc>Waits until the element ``locator`` is enabled.</doc>
<status status="PASS" starttime="20220516 16:52:38.790" endtime="20220516 16:52:39.131"/>
</kw>
<kw name="Input Text" library="SeleniumLibrary">
<arg>//*[@id="__BVID__9"]</arg>
<arg>${text}</arg>
<doc>Types the given ``text`` into the text field identified by ``locator``.</doc>
<msg timestamp="20220516 16:52:39.132" level="INFO">Typing text 'umai03' into text field '//*[@id="__BVID__9"]'.</msg>
<status status="PASS" starttime="20220516 16:52:39.131" endtime="20220516 16:52:39.539"/>
</kw>
<status status="PASS" starttime="20220516 16:52:38.788" endtime="20220516 16:52:39.539"/>
</kw>
<kw name="Input Login Password" library="keywords_common">
<arg>${AUTOTEST_PASSWORD}</arg>
<doc>Input Login Password</doc>
<kw name="Wait Until Element Is Enabled" library="SeleniumLibrary">
<arg>//*[@id="__BVID__6"]</arg>
<doc>Waits until the element ``locator`` is enabled.</doc>
<status status="PASS" starttime="20220516 16:52:39.541" endtime="20220516 16:52:39.880"/>
</kw>
<kw name="Input Text" library="SeleniumLibrary">
<arg>//*[@id="__BVID__11"]</arg>
<arg>${text}</arg>
<doc>Types the given ``text`` into the text field identified by ``locator``.</doc>
<msg timestamp="20220516 16:52:39.882" level="INFO">Typing text '888888' into text field '//*[@id="__BVID__11"]'.</msg>
<status status="PASS" starttime="20220516 16:52:39.881" endtime="20220516 16:52:40.295"/>
</kw>
<status status="PASS" starttime="20220516 16:52:39.540" endtime="20220516 16:52:40.295"/>
</kw>
<kw name="Click Login Button" library="keywords_common">
<doc>Click Login Button</doc>
<kw name="Wait Until Element Is Enabled" library="SeleniumLibrary">
<arg>//button[@class="btn btn-primary btn-block"]//span[contains(.,"登入")]</arg>
<doc>Waits until the element ``locator`` is enabled.</doc>
<status status="PASS" starttime="20220516 16:52:40.296" endtime="20220516 16:52:40.647"/>
</kw>
<kw name="Click Element" library="SeleniumLibrary">
<arg>//button[@class="btn btn-primary btn-block"]//span[contains(.,"登入")]</arg>
<doc>Click the element identified by ``locator``.</doc>
<msg timestamp="20220516 16:52:40.648" level="INFO">Clicking element '//button[@class="btn btn-primary btn-block"]//span[contains(.,"登入")]'.</msg>
<status status="PASS" starttime="20220516 16:52:40.647" endtime="20220516 16:52:40.930"/>
</kw>
<status status="PASS" starttime="20220516 16:52:40.296" endtime="20220516 16:52:40.931"/>
</kw>
<kw name="Verify Login Should Success" library="keywords_common">
<kw name="Page Should Contain" library="SeleniumLibrary">
<arg>${AUTOTEST_USER}</arg>
<doc>Verifies that current page contains ``text``.</doc>
<msg timestamp="20220516 16:52:41.674" level="INFO">Current page contains text 'umai03'.</msg>
<status status="PASS" starttime="20220516 16:52:40.932" endtime="20220516 16:52:41.674"/>
</kw>
<kw name="Page Should Contain" library="SeleniumLibrary">
<arg>即時報表</arg>
<doc>Verifies that current page contains ``text``.</doc>
<msg timestamp="20220516 16:52:41.896" level="INFO">Current page contains text '即時報表'.</msg>
<status status="PASS" starttime="20220516 16:52:41.674" endtime="20220516 16:52:41.897"/>
</kw>
<status status="PASS" starttime="20220516 16:52:40.931" endtime="20220516 16:52:41.897"/>
</kw>
<timeout value="5 minutes"/>
<status status="PASS" starttime="20220516 16:52:37.941" endtime="20220516 16:52:41.898"/>
</test>
<kw name="SuiteTeardown" type="TEARDOWN">
<kw name="Close All Browsers" library="SeleniumLibrary">
<doc>Closes all open browsers and resets the browser cache.</doc>
<status status="PASS" starttime="20220516 16:52:41.900" endtime="20220516 16:52:42.066"/>
</kw>
<status status="PASS" starttime="20220516 16:52:41.899" endtime="20220516 16:52:42.066"/>
</kw>
<doc>Test login function</doc>
<status status="PASS" starttime="20220516 16:52:31.873" endtime="20220516 16:52:42.066"/>
</suite>
<status status="PASS" starttime="20220516 16:52:31.871" endtime="20220516 16:52:42.069"/>
</suite>
<status status="PASS" starttime="20220516 16:52:31.849" endtime="20220516 16:52:42.070"/>
</suite>
<statistics>
<total>
<stat pass="1" fail="0" skip="0">All Tests</stat>
</total>
<tag>
</tag>
<suite>
<stat pass="1" fail="0" skip="0" id="s1" name="Web">Web</stat>
<stat pass="1" fail="0" skip="0" id="s1-s1" name="Integration">Web.Integration</stat>
<stat pass="1" fail="0" skip="0" id="s1-s1-s1" name="Login">Web.Integration.Login</stat>
</suite>
</statistics>
<errors>
</errors>
</robot>
